{"C:\\Users\\clavi\\Documents\\ADYCTO\\FROND END\\Actividad 7\\jest\\src\\app.ts": {"path":"C:\\Users\\clavi\\Documents\\ADYCTO\\FROND END\\Actividad 7\\jest\\src\\app.ts","statementMap":{"0":{"start":{"line":2,"column":4},"end":{"line":2,"column":null}},"1":{"start":{"line":1,"column":0},"end":{"line":1,"column":16}},"2":{"start":{"line":8,"column":4},"end":{"line":13,"column":null}},"3":{"start":{"line":9,"column":8},"end":{"line":9,"column":null}},"4":{"start":{"line":10,"column":9},"end":{"line":13,"column":null}},"5":{"start":{"line":11,"column":8},"end":{"line":11,"column":null}},"6":{"start":{"line":13,"column":8},"end":{"line":13,"column":null}},"7":{"start":{"line":15,"column":4},"end":{"line":15,"column":null}},"8":{"start":{"line":5,"column":0},"end":{"line":5,"column":16}}},"fnMap":{"0":{"name":"sumar","decl":{"start":{"line":1,"column":16},"end":{"line":1,"column":21}},"loc":{"start":{"line":1,"column":42},"end":{"line":3,"column":1}}},"1":{"name":"getLevel","decl":{"start":{"line":5,"column":16},"end":{"line":5,"column":24}},"loc":{"start":{"line":5,"column":38},"end":{"line":16,"column":1}}}},"branchMap":{"0":{"loc":{"start":{"line":8,"column":4},"end":{"line":13,"column":null}},"type":"if","locations":[{"start":{"line":8,"column":4},"end":{"line":13,"column":null}},{"start":{"line":10,"column":9},"end":{"line":13,"column":null}}]},"1":{"loc":{"start":{"line":10,"column":9},"end":{"line":13,"column":null}},"type":"if","locations":[{"start":{"line":10,"column":9},"end":{"line":13,"column":null}},{"start":{"line":13,"column":8},"end":{"line":13,"column":null}}]}},"s":{"0":1,"1":1,"2":1,"3":1,"4":0,"5":0,"6":0,"7":1,"8":1},"f":{"0":1,"1":1},"b":{"0":[1,0],"1":[0,0]}}
}
